2018-09-11 09:41:25 INFO  JiraLoginTest:22 - Starting Test Case : doLogin()
2018-09-11 09:41:25 INFO  PayloadParser:14 - Inside generatePayloadString method
2018-09-11 09:41:25 INFO  URL:17 - URI Endpoint: http://localhost:8080/rest/auth/1/session
2018-09-11 09:41:30 DEBUG BasicClientConnectionManager:161 - Get connection for route {}->http://localhost:8080
2018-09-11 09:41:30 DEBUG DefaultClientConnectionOperator:177 - Connecting to localhost:8080
2018-09-11 09:41:30 DEBUG RequestAddCookies:123 - CookieSpec selected: ignoreCookies
2018-09-11 09:41:30 DEBUG RequestAuthCache:77 - Auth cache not set in the context
2018-09-11 09:41:30 DEBUG RequestTargetAuthentication:80 - Target auth state: UNCHALLENGED
2018-09-11 09:41:30 DEBUG RequestProxyAuthentication:89 - Proxy auth state: UNCHALLENGED
2018-09-11 09:41:30 DEBUG DefaultHttpClient:682 - Attempt 1 to execute request
2018-09-11 09:41:30 DEBUG DefaultClientConnection:274 - Sending request: POST /rest/auth/1/session HTTP/1.1
2018-09-11 09:41:30 DEBUG wire:73 -  >> "POST /rest/auth/1/session HTTP/1.1[\r][\n]"
2018-09-11 09:41:30 DEBUG wire:73 -  >> "Accept: */*[\r][\n]"
2018-09-11 09:41:30 DEBUG wire:73 -  >> "Content-Type: application/json; charset=UTF-8[\r][\n]"
2018-09-11 09:41:30 DEBUG wire:73 -  >> "Content-Length: 62[\r][\n]"
2018-09-11 09:41:30 DEBUG wire:73 -  >> "Host: localhost:8080[\r][\n]"
2018-09-11 09:41:30 DEBUG wire:73 -  >> "Connection: Keep-Alive[\r][\n]"
2018-09-11 09:41:30 DEBUG wire:73 -  >> "User-Agent: Apache-HttpClient/4.5.3 (Java/1.8.0_121)[\r][\n]"
2018-09-11 09:41:30 DEBUG wire:73 -  >> "Accept-Encoding: gzip,deflate[\r][\n]"
2018-09-11 09:41:30 DEBUG wire:73 -  >> "[\r][\n]"
2018-09-11 09:41:30 DEBUG headers:278 - >> POST /rest/auth/1/session HTTP/1.1
2018-09-11 09:41:30 DEBUG headers:281 - >> Accept: */*
2018-09-11 09:41:30 DEBUG headers:281 - >> Content-Type: application/json; charset=UTF-8
2018-09-11 09:41:30 DEBUG headers:281 - >> Content-Length: 62
2018-09-11 09:41:30 DEBUG headers:281 - >> Host: localhost:8080
2018-09-11 09:41:30 DEBUG headers:281 - >> Connection: Keep-Alive
2018-09-11 09:41:30 DEBUG headers:281 - >> User-Agent: Apache-HttpClient/4.5.3 (Java/1.8.0_121)
2018-09-11 09:41:30 DEBUG headers:281 - >> Accept-Encoding: gzip,deflate
2018-09-11 09:41:30 DEBUG wire:73 -  >> "{[\r][\n]"
2018-09-11 09:41:30 DEBUG wire:73 -  >> ""username":"abhinavgoyal02.prt",[\r][\n]"
2018-09-11 09:41:30 DEBUG wire:73 -  >> ""password":"admin@123"[\r][\n]"
2018-09-11 09:41:30 DEBUG wire:87 -  >> "}"
2018-09-11 09:41:30 DEBUG wire:73 -  << "HTTP/1.1 200 [\r][\n]"
2018-09-11 09:41:30 DEBUG wire:73 -  << "X-AREQUESTID: 581x424x1[\r][\n]"
2018-09-11 09:41:30 DEBUG wire:73 -  << "X-XSS-Protection: 1; mode=block[\r][\n]"
2018-09-11 09:41:30 DEBUG wire:73 -  << "X-Content-Type-Options: nosniff[\r][\n]"
2018-09-11 09:41:30 DEBUG wire:73 -  << "X-Frame-Options: SAMEORIGIN[\r][\n]"
2018-09-11 09:41:30 DEBUG wire:73 -  << "Content-Security-Policy: frame-ancestors 'self'[\r][\n]"
2018-09-11 09:41:30 DEBUG wire:73 -  << "X-ASEN: SEN-L12299715[\r][\n]"
2018-09-11 09:41:30 DEBUG wire:73 -  << "Set-Cookie: atlassian.xsrf.token=B4ZZ-9INX-9GV9-ZDO5|683c6df890f89c3c382bf549c4703d7d78a513bf|lout;path=/[\r][\n]"
2018-09-11 09:41:30 DEBUG wire:73 -  << "X-AUSERNAME: anonymous[\r][\n]"
2018-09-11 09:41:30 DEBUG wire:73 -  << "Set-Cookie: JSESSIONID=C57EE820434809BD0690B6D1F0D57563;path=/;HttpOnly[\r][\n]"
2018-09-11 09:41:30 DEBUG wire:73 -  << "X-Seraph-LoginReason: OK[\r][\n]"
2018-09-11 09:41:30 DEBUG wire:73 -  << "Cache-Control: no-cache, no-store, no-transform[\r][\n]"
2018-09-11 09:41:30 DEBUG wire:73 -  << "Content-Encoding: gzip[\r][\n]"
2018-09-11 09:41:30 DEBUG wire:73 -  << "Vary: User-Agent[\r][\n]"
2018-09-11 09:41:30 DEBUG wire:73 -  << "Content-Type: application/json;charset=UTF-8[\r][\n]"
2018-09-11 09:41:30 DEBUG wire:73 -  << "Transfer-Encoding: chunked[\r][\n]"
2018-09-11 09:41:30 DEBUG wire:73 -  << "Date: Tue, 11 Sep 2018 04:11:30 GMT[\r][\n]"
2018-09-11 09:41:30 DEBUG wire:73 -  << "[\r][\n]"
2018-09-11 09:41:30 DEBUG DefaultClientConnection:259 - Receiving response: HTTP/1.1 200 
2018-09-11 09:41:30 DEBUG headers:262 - << HTTP/1.1 200 
2018-09-11 09:41:30 DEBUG headers:265 - << X-AREQUESTID: 581x424x1
2018-09-11 09:41:30 DEBUG headers:265 - << X-XSS-Protection: 1; mode=block
2018-09-11 09:41:30 DEBUG headers:265 - << X-Content-Type-Options: nosniff
2018-09-11 09:41:30 DEBUG headers:265 - << X-Frame-Options: SAMEORIGIN
2018-09-11 09:41:30 DEBUG headers:265 - << Content-Security-Policy: frame-ancestors 'self'
2018-09-11 09:41:30 DEBUG headers:265 - << X-ASEN: SEN-L12299715
2018-09-11 09:41:30 DEBUG headers:265 - << Set-Cookie: atlassian.xsrf.token=B4ZZ-9INX-9GV9-ZDO5|683c6df890f89c3c382bf549c4703d7d78a513bf|lout;path=/
2018-09-11 09:41:30 DEBUG headers:265 - << X-AUSERNAME: anonymous
2018-09-11 09:41:30 DEBUG headers:265 - << Set-Cookie: JSESSIONID=C57EE820434809BD0690B6D1F0D57563;path=/;HttpOnly
2018-09-11 09:41:30 DEBUG headers:265 - << X-Seraph-LoginReason: OK
2018-09-11 09:41:30 DEBUG headers:265 - << Cache-Control: no-cache, no-store, no-transform
2018-09-11 09:41:30 DEBUG headers:265 - << Content-Encoding: gzip
2018-09-11 09:41:30 DEBUG headers:265 - << Vary: User-Agent
2018-09-11 09:41:30 DEBUG headers:265 - << Content-Type: application/json;charset=UTF-8
2018-09-11 09:41:30 DEBUG headers:265 - << Transfer-Encoding: chunked
2018-09-11 09:41:30 DEBUG headers:265 - << Date: Tue, 11 Sep 2018 04:11:30 GMT
2018-09-11 09:41:30 DEBUG DefaultHttpClient:509 - Connection can be kept alive indefinitely
2018-09-11 09:41:30 DEBUG RequestSpecificationImpl$RestAssuredHttpBuilder:544 - Parsing response as: application/json;charset=UTF-8
2018-09-11 09:41:30 DEBUG wire:73 -  << "96[\r][\n]"
2018-09-11 09:41:30 DEBUG wire:87 -  << "[0x1f][0x8b][0x8][0x0][0x0][0x0][0x0][0x0][0x0][0x0][0x1c][0x8d][0xb1][0xe][0x83] [0x14][0x0][0xff][0xe5][0xad][0xc5][0xe6]!>[0x4]F[0xc5]&6M;[0xe8][0xf]8[0xd0][0x86][0xc4]BS[0xaa][0x8b][0xf1][0xdf][0x1b][0x1c][0xef][0x86][0xbb][\r][0x92]K[0xc9][0xc7][0x0]f[0x83]0[0xbd][0x1d][0x18][0xb8][0xe][0xdd]0[0xf4][0x8f]{o[0x81][0xc1]:[0xcd]K[0x96]-[0xd5]][0xa7]J[0xac]D[0xa5]P7[0x16][0xa5][0xc6]FZ~AK5I[0x1];[0x83]9[0xbe]|[0xe8][0xc3]3[0xe6][0xd8][0x1]m\[0xc2][0xf][0x8c]D[0x6][0x9f][0xaf][}\[0xd2]-[0xfb][0xd1][0x1f][0xa7][0x12][0xb9]*P[0x17][0x9c][0x8f][0xa8][0x8d] [0x83]t&[0xaa]NH[0x2]a[0xdf][0xff][0x0][0x0][0x0][0xff][0xff]"
2018-09-11 09:41:30 DEBUG wire:73 -  << "[\r][\n]"
2018-09-11 09:41:30 DEBUG wire:73 -  << "a[\r][\n]"
2018-09-11 09:41:30 DEBUG wire:87 -  << "[0x3][0x0]q[0x8c][0x95][0xb2][0x9d][0x0][0x0][0x0]"
2018-09-11 09:41:30 DEBUG wire:73 -  << "[\r][\n]"
2018-09-11 09:41:30 DEBUG wire:73 -  << "0[\r][\n]"
2018-09-11 09:41:30 DEBUG wire:73 -  << "[\r][\n]"
2018-09-11 09:41:30 DEBUG RequestSpecificationImpl$RestAssuredHttpBuilder:547 - Parsed data to instance of: class org.apache.http.conn.EofSensorInputStream
2018-09-11 09:41:30 INFO  RESTCalls:31 - Inside POSTRequest call
2018-09-11 09:41:30 DEBUG RESTCalls:32 - io.restassured.internal.RequestSpecificationImpl@25e2ab5a
2018-09-11 09:41:30 INFO  TestUtils:14 - Inside Response to String Converter
2018-09-11 09:41:30 DEBUG BasicClientConnectionManager:200 - Releasing connection org.apache.http.impl.conn.ManagedClientConnectionImpl@781f10f2
2018-09-11 09:41:30 DEBUG BasicClientConnectionManager:225 - Connection can be kept alive indefinitely
2018-09-11 09:41:30 DEBUG TestUtils:16 - {"session":{"name":"JSESSIONID","value":"C57EE820434809BD0690B6D1F0D57563"},"loginInfo":{"loginCount":60,"previousLoginTime":"2018-09-11T09:35:05.554+0530"}}
2018-09-11 09:41:30 INFO  JiraLoginTest:30 - {"session":{"name":"JSESSIONID","value":"C57EE820434809BD0690B6D1F0D57563"},"loginInfo":{"loginCount":60,"previousLoginTime":"2018-09-11T09:35:05.554+0530"}}
2018-09-11 09:41:30 INFO  TestUtils:21 - Inside JSON Response value extracter
2018-09-11 09:41:31 DEBUG TestUtils:24 - C57EE820434809BD0690B6D1F0D57563
2018-09-11 09:41:31 INFO  TestUtils:39 - Inside getStatusCode method
2018-09-11 09:41:31 DEBUG TestUtils:41 - 200
2018-09-11 09:41:31 INFO  JiraLoginTest:38 - JIRA JSessionID = C57EE820434809BD0690B6D1F0D57563
2018-09-11 09:41:31 INFO  BaseTest:17 - Inside  getLoginSessionID() method
2018-09-11 09:41:31 INFO  PayloadParser:14 - Inside generatePayloadString method
2018-09-11 09:41:31 INFO  URL:17 - URI Endpoint: http://localhost:8080/rest/auth/1/session
2018-09-11 09:41:31 DEBUG BasicClientConnectionManager:161 - Get connection for route {}->http://localhost:8080
2018-09-11 09:41:31 DEBUG DefaultClientConnectionOperator:177 - Connecting to localhost:8080
2018-09-11 09:41:31 DEBUG RequestAddCookies:123 - CookieSpec selected: ignoreCookies
2018-09-11 09:41:31 DEBUG RequestAuthCache:77 - Auth cache not set in the context
2018-09-11 09:41:31 DEBUG RequestTargetAuthentication:80 - Target auth state: UNCHALLENGED
2018-09-11 09:41:31 DEBUG RequestProxyAuthentication:89 - Proxy auth state: UNCHALLENGED
2018-09-11 09:41:31 DEBUG DefaultHttpClient:682 - Attempt 1 to execute request
2018-09-11 09:41:31 DEBUG DefaultClientConnection:274 - Sending request: POST /rest/auth/1/session HTTP/1.1
2018-09-11 09:41:31 DEBUG wire:73 -  >> "POST /rest/auth/1/session HTTP/1.1[\r][\n]"
2018-09-11 09:41:31 DEBUG wire:73 -  >> "Accept: */*[\r][\n]"
2018-09-11 09:41:31 DEBUG wire:73 -  >> "Content-Type: application/json; charset=UTF-8[\r][\n]"
2018-09-11 09:41:31 DEBUG wire:73 -  >> "Content-Length: 62[\r][\n]"
2018-09-11 09:41:31 DEBUG wire:73 -  >> "Host: localhost:8080[\r][\n]"
2018-09-11 09:41:31 DEBUG wire:73 -  >> "Connection: Keep-Alive[\r][\n]"
2018-09-11 09:41:31 DEBUG wire:73 -  >> "User-Agent: Apache-HttpClient/4.5.3 (Java/1.8.0_121)[\r][\n]"
2018-09-11 09:41:31 DEBUG wire:73 -  >> "Accept-Encoding: gzip,deflate[\r][\n]"
2018-09-11 09:41:31 DEBUG wire:73 -  >> "[\r][\n]"
2018-09-11 09:41:31 DEBUG headers:278 - >> POST /rest/auth/1/session HTTP/1.1
2018-09-11 09:41:31 DEBUG headers:281 - >> Accept: */*
2018-09-11 09:41:31 DEBUG headers:281 - >> Content-Type: application/json; charset=UTF-8
2018-09-11 09:41:31 DEBUG headers:281 - >> Content-Length: 62
2018-09-11 09:41:31 DEBUG headers:281 - >> Host: localhost:8080
2018-09-11 09:41:31 DEBUG headers:281 - >> Connection: Keep-Alive
2018-09-11 09:41:31 DEBUG headers:281 - >> User-Agent: Apache-HttpClient/4.5.3 (Java/1.8.0_121)
2018-09-11 09:41:31 DEBUG headers:281 - >> Accept-Encoding: gzip,deflate
2018-09-11 09:41:31 DEBUG wire:73 -  >> "{[\r][\n]"
2018-09-11 09:41:31 DEBUG wire:73 -  >> ""username":"abhinavgoyal02.prt",[\r][\n]"
2018-09-11 09:41:31 DEBUG wire:73 -  >> ""password":"admin@123"[\r][\n]"
2018-09-11 09:41:31 DEBUG wire:87 -  >> "}"
2018-09-11 09:41:31 DEBUG wire:73 -  << "HTTP/1.1 200 [\r][\n]"
2018-09-11 09:41:31 DEBUG wire:73 -  << "X-AREQUESTID: 581x425x1[\r][\n]"
2018-09-11 09:41:31 DEBUG wire:73 -  << "X-XSS-Protection: 1; mode=block[\r][\n]"
2018-09-11 09:41:31 DEBUG wire:73 -  << "X-Content-Type-Options: nosniff[\r][\n]"
2018-09-11 09:41:31 DEBUG wire:73 -  << "X-Frame-Options: SAMEORIGIN[\r][\n]"
2018-09-11 09:41:31 DEBUG wire:73 -  << "Content-Security-Policy: frame-ancestors 'self'[\r][\n]"
2018-09-11 09:41:31 DEBUG wire:73 -  << "X-ASEN: SEN-L12299715[\r][\n]"
2018-09-11 09:41:31 DEBUG wire:73 -  << "Set-Cookie: atlassian.xsrf.token=B4ZZ-9INX-9GV9-ZDO5|0623c4d652496a1de64cee759f2a80b0583bfbb3|lout;path=/[\r][\n]"
2018-09-11 09:41:31 DEBUG wire:73 -  << "X-AUSERNAME: anonymous[\r][\n]"
2018-09-11 09:41:31 DEBUG wire:73 -  << "Set-Cookie: JSESSIONID=3CEDEEAB891A2C8DFE1A5B13A9CC779B;path=/;HttpOnly[\r][\n]"
2018-09-11 09:41:31 DEBUG wire:73 -  << "X-Seraph-LoginReason: OK[\r][\n]"
2018-09-11 09:41:31 DEBUG wire:73 -  << "Cache-Control: no-cache, no-store, no-transform[\r][\n]"
2018-09-11 09:41:31 DEBUG wire:73 -  << "Content-Encoding: gzip[\r][\n]"
2018-09-11 09:41:31 DEBUG wire:73 -  << "Vary: User-Agent[\r][\n]"
2018-09-11 09:41:31 DEBUG wire:73 -  << "Content-Type: application/json;charset=UTF-8[\r][\n]"
2018-09-11 09:41:31 DEBUG wire:73 -  << "Transfer-Encoding: chunked[\r][\n]"
2018-09-11 09:41:31 DEBUG wire:73 -  << "Date: Tue, 11 Sep 2018 04:11:31 GMT[\r][\n]"
2018-09-11 09:41:31 DEBUG wire:73 -  << "[\r][\n]"
2018-09-11 09:41:31 DEBUG DefaultClientConnection:259 - Receiving response: HTTP/1.1 200 
2018-09-11 09:41:31 DEBUG headers:262 - << HTTP/1.1 200 
2018-09-11 09:41:31 DEBUG headers:265 - << X-AREQUESTID: 581x425x1
2018-09-11 09:41:31 DEBUG headers:265 - << X-XSS-Protection: 1; mode=block
2018-09-11 09:41:31 DEBUG headers:265 - << X-Content-Type-Options: nosniff
2018-09-11 09:41:31 DEBUG headers:265 - << X-Frame-Options: SAMEORIGIN
2018-09-11 09:41:31 DEBUG headers:265 - << Content-Security-Policy: frame-ancestors 'self'
2018-09-11 09:41:31 DEBUG headers:265 - << X-ASEN: SEN-L12299715
2018-09-11 09:41:31 DEBUG headers:265 - << Set-Cookie: atlassian.xsrf.token=B4ZZ-9INX-9GV9-ZDO5|0623c4d652496a1de64cee759f2a80b0583bfbb3|lout;path=/
2018-09-11 09:41:31 DEBUG headers:265 - << X-AUSERNAME: anonymous
2018-09-11 09:41:31 DEBUG headers:265 - << Set-Cookie: JSESSIONID=3CEDEEAB891A2C8DFE1A5B13A9CC779B;path=/;HttpOnly
2018-09-11 09:41:31 DEBUG headers:265 - << X-Seraph-LoginReason: OK
2018-09-11 09:41:31 DEBUG headers:265 - << Cache-Control: no-cache, no-store, no-transform
2018-09-11 09:41:31 DEBUG headers:265 - << Content-Encoding: gzip
2018-09-11 09:41:31 DEBUG headers:265 - << Vary: User-Agent
2018-09-11 09:41:31 DEBUG headers:265 - << Content-Type: application/json;charset=UTF-8
2018-09-11 09:41:31 DEBUG headers:265 - << Transfer-Encoding: chunked
2018-09-11 09:41:31 DEBUG headers:265 - << Date: Tue, 11 Sep 2018 04:11:31 GMT
2018-09-11 09:41:31 DEBUG DefaultHttpClient:509 - Connection can be kept alive indefinitely
2018-09-11 09:41:31 DEBUG RequestSpecificationImpl$RestAssuredHttpBuilder:544 - Parsing response as: application/json;charset=UTF-8
2018-09-11 09:41:31 DEBUG wire:73 -  << "97[\r][\n]"
2018-09-11 09:41:31 DEBUG wire:73 -  << "[0x1f][0x8b][0x8][0x0][0x0][0x0][0x0][0x0][0x0][0x0][0x1c][0x8d][0xb1][0xe][0xc2] [0x14][0x0][0xff][0xe5][0xad]R[0xc3]+V[\n]"
2018-09-11 09:41:31 DEBUG wire:73 -  << "[0x1b][0x5]Lj[0x8c][0xe][0xf4][0x7]:TCR[0xc1][0x88][0xed][0xd2][0xf0][0xef][0x86][0x8e]w[0xc3][0xdd][0x6]iJ[0xc9][0xc7][0x0]r[0x83]0[0xbe]'[0x90]pu[0xd6][0xb9][0xfe]q[0xef][\r][0x10]X[0xc7]y)[0x92]ik[0xac]U]+P[0xd5][0xba]5[0x17][0x8b][0xaa][0xe9][0x90])[0xa1]5[0xe7][0xa2][0x83]L`[0x8e]/[0x1f][0xfa][0xf0][0x8c]%[0xb6][0x83][0x8e]K[0xf8][0x81]<#[0x81][0xcf]wZ}\[0xd2][0xad][0xf8][0xc1][0xef][0xa7][0x9a]b[QQ![0xe]T[0xc8][0x13]JF[0x8f]5[0x17][0x7][0xda]0[\n]"
2018-09-11 09:41:31 DEBUG wire:87 -  << "9[0xff][0x1][0x0][0x0][0xff][0xff]"
2018-09-11 09:41:31 DEBUG wire:73 -  << "[\r][\n]"
2018-09-11 09:41:31 DEBUG wire:73 -  << "a[\r][\n]"
2018-09-11 09:41:31 DEBUG wire:87 -  << "[0x3][0x0]d[0xe0][0x88];[0x9d][0x0][0x0][0x0]"
2018-09-11 09:41:31 DEBUG wire:73 -  << "[\r][\n]"
2018-09-11 09:41:31 DEBUG wire:73 -  << "0[\r][\n]"
2018-09-11 09:41:31 DEBUG wire:73 -  << "[\r][\n]"
2018-09-11 09:41:31 DEBUG RequestSpecificationImpl$RestAssuredHttpBuilder:547 - Parsed data to instance of: class org.apache.http.conn.EofSensorInputStream
2018-09-11 09:41:31 INFO  RESTCalls:31 - Inside POSTRequest call
2018-09-11 09:41:31 DEBUG RESTCalls:32 - io.restassured.internal.RequestSpecificationImpl@62dae245
2018-09-11 09:41:31 INFO  TestUtils:21 - Inside JSON Response value extracter
2018-09-11 09:41:31 DEBUG BasicClientConnectionManager:200 - Releasing connection org.apache.http.impl.conn.ManagedClientConnectionImpl@4b6579e8
2018-09-11 09:41:31 DEBUG BasicClientConnectionManager:225 - Connection can be kept alive indefinitely
2018-09-11 09:41:31 DEBUG TestUtils:24 - 3CEDEEAB891A2C8DFE1A5B13A9CC779B
2018-09-11 09:41:31 INFO  BaseTest:24 - Current JIRA JSessionID = 3CEDEEAB891A2C8DFE1A5B13A9CC779B
2018-09-11 09:41:31 INFO  CreateJiraIssueTest:28 - Starting CreateIssue Test :
2018-09-11 09:41:31 INFO  PayloadParser:14 - Inside generatePayloadString method
2018-09-11 09:41:31 INFO  URL:17 - URI Endpoint: http://localhost:8080/rest/api/2/issue
2018-09-11 09:41:31 DEBUG BasicClientConnectionManager:161 - Get connection for route {}->http://localhost:8080
2018-09-11 09:41:31 DEBUG DefaultClientConnectionOperator:177 - Connecting to localhost:8080
2018-09-11 09:41:31 DEBUG RequestAddCookies:123 - CookieSpec selected: ignoreCookies
2018-09-11 09:41:31 DEBUG RequestAuthCache:77 - Auth cache not set in the context
2018-09-11 09:41:31 DEBUG RequestTargetAuthentication:80 - Target auth state: UNCHALLENGED
2018-09-11 09:41:31 DEBUG RequestProxyAuthentication:89 - Proxy auth state: UNCHALLENGED
2018-09-11 09:41:31 DEBUG DefaultHttpClient:682 - Attempt 1 to execute request
2018-09-11 09:41:31 DEBUG DefaultClientConnection:274 - Sending request: POST /rest/api/2/issue HTTP/1.1
2018-09-11 09:41:31 DEBUG wire:73 -  >> "POST /rest/api/2/issue HTTP/1.1[\r][\n]"
2018-09-11 09:41:31 DEBUG wire:73 -  >> "cookie: JSESSIONID=3CEDEEAB891A2C8DFE1A5B13A9CC779B[\r][\n]"
2018-09-11 09:41:31 DEBUG wire:73 -  >> "Accept: */*[\r][\n]"
2018-09-11 09:41:31 DEBUG wire:73 -  >> "Content-Type: application/json; charset=UTF-8[\r][\n]"
2018-09-11 09:41:31 DEBUG wire:73 -  >> "Content-Length: 378[\r][\n]"
2018-09-11 09:41:31 DEBUG wire:73 -  >> "Host: localhost:8080[\r][\n]"
2018-09-11 09:41:31 DEBUG wire:73 -  >> "Connection: Keep-Alive[\r][\n]"
2018-09-11 09:41:31 DEBUG wire:73 -  >> "User-Agent: Apache-HttpClient/4.5.3 (Java/1.8.0_121)[\r][\n]"
2018-09-11 09:41:31 DEBUG wire:73 -  >> "Accept-Encoding: gzip,deflate[\r][\n]"
2018-09-11 09:41:31 DEBUG wire:73 -  >> "[\r][\n]"
2018-09-11 09:41:31 DEBUG headers:278 - >> POST /rest/api/2/issue HTTP/1.1
2018-09-11 09:41:31 DEBUG headers:281 - >> cookie: JSESSIONID=3CEDEEAB891A2C8DFE1A5B13A9CC779B
2018-09-11 09:41:31 DEBUG headers:281 - >> Accept: */*
2018-09-11 09:41:31 DEBUG headers:281 - >> Content-Type: application/json; charset=UTF-8
2018-09-11 09:41:31 DEBUG headers:281 - >> Content-Length: 378
2018-09-11 09:41:31 DEBUG headers:281 - >> Host: localhost:8080
2018-09-11 09:41:31 DEBUG headers:281 - >> Connection: Keep-Alive
2018-09-11 09:41:31 DEBUG headers:281 - >> User-Agent: Apache-HttpClient/4.5.3 (Java/1.8.0_121)
2018-09-11 09:41:31 DEBUG headers:281 - >> Accept-Encoding: gzip,deflate
2018-09-11 09:41:31 DEBUG wire:73 -  >> "{[\r][\n]"
2018-09-11 09:41:31 DEBUG wire:73 -  >> "       "fields": {[\r][\n]"
2018-09-11 09:41:31 DEBUG wire:73 -  >> "        "project": {[\r][\n]"
2018-09-11 09:41:31 DEBUG wire:73 -  >> "            "key": "RAT"[\r][\n]"
2018-09-11 09:41:31 DEBUG wire:73 -  >> "        },[\r][\n]"
2018-09-11 09:41:31 DEBUG wire:73 -  >> "        "summary": "Automation Framework Created: Backend Issue 200",[\r][\n]"
2018-09-11 09:41:31 DEBUG wire:73 -  >> "        "issuetype": {[\r][\n]"
2018-09-11 09:41:31 DEBUG wire:73 -  >> "            "name": "Bug"[\r][\n]"
2018-09-11 09:41:31 DEBUG wire:73 -  >> "        },[\r][\n]"
2018-09-11 09:41:31 DEBUG wire:73 -  >> "        "assignee": {[\r][\n]"
2018-09-11 09:41:31 DEBUG wire:73 -  >> "            "name": "abhinavgoyal02.prt"[\r][\n]"
2018-09-11 09:41:31 DEBUG wire:73 -  >> "        },[\r][\n]"
2018-09-11 09:41:31 DEBUG wire:73 -  >> "        "reporter": {[\r][\n]"
2018-09-11 09:41:31 DEBUG wire:73 -  >> "            "name": "abhinavgoyal02.prt"[\r][\n]"
2018-09-11 09:41:31 DEBUG wire:73 -  >> "        }[\r][\n]"
2018-09-11 09:41:31 DEBUG wire:73 -  >> "    }[\r][\n]"
2018-09-11 09:41:31 DEBUG wire:87 -  >> "}"
2018-09-11 09:41:32 DEBUG wire:73 -  << "HTTP/1.1 201 [\r][\n]"
2018-09-11 09:41:32 DEBUG wire:73 -  << "X-AREQUESTID: 581x426x1[\r][\n]"
2018-09-11 09:41:32 DEBUG wire:73 -  << "X-ASESSIONID: gl526b[\r][\n]"
2018-09-11 09:41:32 DEBUG wire:73 -  << "X-XSS-Protection: 1; mode=block[\r][\n]"
2018-09-11 09:41:32 DEBUG wire:73 -  << "X-Content-Type-Options: nosniff[\r][\n]"
2018-09-11 09:41:32 DEBUG wire:73 -  << "X-Frame-Options: SAMEORIGIN[\r][\n]"
2018-09-11 09:41:32 DEBUG wire:73 -  << "Content-Security-Policy: frame-ancestors 'self'[\r][\n]"
2018-09-11 09:41:32 DEBUG wire:73 -  << "X-ASEN: SEN-L12299715[\r][\n]"
2018-09-11 09:41:32 DEBUG wire:73 -  << "X-Seraph-LoginReason: OK[\r][\n]"
2018-09-11 09:41:32 DEBUG wire:73 -  << "Set-Cookie: atlassian.xsrf.token=B4ZZ-9INX-9GV9-ZDO5|de90eaeb91997cda557fd097ce90dd3505a3edcb|lin;path=/[\r][\n]"
2018-09-11 09:41:32 DEBUG wire:73 -  << "X-AUSERNAME: abhinavgoyal02.prt[\r][\n]"
2018-09-11 09:41:32 DEBUG wire:73 -  << "Cache-Control: no-cache, no-store, no-transform[\r][\n]"
2018-09-11 09:41:32 DEBUG wire:73 -  << "Content-Encoding: gzip[\r][\n]"
2018-09-11 09:41:32 DEBUG wire:73 -  << "Vary: User-Agent[\r][\n]"
2018-09-11 09:41:32 DEBUG wire:73 -  << "Content-Type: application/json;charset=UTF-8[\r][\n]"
2018-09-11 09:41:32 DEBUG wire:73 -  << "Transfer-Encoding: chunked[\r][\n]"
2018-09-11 09:41:32 DEBUG wire:73 -  << "Date: Tue, 11 Sep 2018 04:11:32 GMT[\r][\n]"
2018-09-11 09:41:32 DEBUG wire:73 -  << "[\r][\n]"
2018-09-11 09:41:32 DEBUG DefaultClientConnection:259 - Receiving response: HTTP/1.1 201 
2018-09-11 09:41:32 DEBUG headers:262 - << HTTP/1.1 201 
2018-09-11 09:41:32 DEBUG headers:265 - << X-AREQUESTID: 581x426x1
2018-09-11 09:41:32 DEBUG headers:265 - << X-ASESSIONID: gl526b
2018-09-11 09:41:32 DEBUG headers:265 - << X-XSS-Protection: 1; mode=block
2018-09-11 09:41:32 DEBUG headers:265 - << X-Content-Type-Options: nosniff
2018-09-11 09:41:32 DEBUG headers:265 - << X-Frame-Options: SAMEORIGIN
2018-09-11 09:41:32 DEBUG headers:265 - << Content-Security-Policy: frame-ancestors 'self'
2018-09-11 09:41:32 DEBUG headers:265 - << X-ASEN: SEN-L12299715
2018-09-11 09:41:32 DEBUG headers:265 - << X-Seraph-LoginReason: OK
2018-09-11 09:41:32 DEBUG headers:265 - << Set-Cookie: atlassian.xsrf.token=B4ZZ-9INX-9GV9-ZDO5|de90eaeb91997cda557fd097ce90dd3505a3edcb|lin;path=/
2018-09-11 09:41:32 DEBUG headers:265 - << X-AUSERNAME: abhinavgoyal02.prt
2018-09-11 09:41:32 DEBUG headers:265 - << Cache-Control: no-cache, no-store, no-transform
2018-09-11 09:41:32 DEBUG headers:265 - << Content-Encoding: gzip
2018-09-11 09:41:32 DEBUG headers:265 - << Vary: User-Agent
2018-09-11 09:41:32 DEBUG headers:265 - << Content-Type: application/json;charset=UTF-8
2018-09-11 09:41:32 DEBUG headers:265 - << Transfer-Encoding: chunked
2018-09-11 09:41:32 DEBUG headers:265 - << Date: Tue, 11 Sep 2018 04:11:32 GMT
2018-09-11 09:41:32 DEBUG DefaultHttpClient:509 - Connection can be kept alive indefinitely
2018-09-11 09:41:32 DEBUG RequestSpecificationImpl$RestAssuredHttpBuilder:544 - Parsing response as: application/json;charset=UTF-8
2018-09-11 09:41:32 DEBUG wire:73 -  << "5a[\r][\n]"
2018-09-11 09:41:32 DEBUG wire:87 -  << "[0x1f][0x8b][0x8][0x0][0x0][0x0][0x0][0x0][0x0][0x0][0xaa]V[0xca]LQ[0xb2]R24040Q[0xd2]Q[0xca]N[0xad][0x4][0xf2][0x82][0x1c]Ct[\r]A[0xdc][0xe2][0xd4][0x9c]4 ?[0xa3][0xa4][0xa4][0xc0]J_?'?91'#[0xbf][0xb8][0xc4][0xca][0xc2][0xc0][0xc2]@[0xbf]([0xb5][0xb8]D?[0xb1] S[0xdf]H?[0xb3][0xb8][0xb8]4U[0x1f]bH-[0x0][0x0][0x0][0xff][0xff]"
2018-09-11 09:41:32 DEBUG wire:73 -  << "[\r][\n]"
2018-09-11 09:41:32 DEBUG wire:73 -  << "a[\r][\n]"
2018-09-11 09:41:32 DEBUG wire:87 -  << "[0x3][0x0][0xc9]\N[\r]S[0x0][0x0][0x0]"
2018-09-11 09:41:32 DEBUG wire:73 -  << "[\r][\n]"
2018-09-11 09:41:32 DEBUG wire:73 -  << "0[\r][\n]"
2018-09-11 09:41:32 DEBUG wire:73 -  << "[\r][\n]"
2018-09-11 09:41:32 DEBUG RequestSpecificationImpl$RestAssuredHttpBuilder:547 - Parsed data to instance of: class org.apache.http.conn.EofSensorInputStream
2018-09-11 09:41:32 INFO  RESTCalls:44 - Inside POSTRequest call with Session Cookie
2018-09-11 09:41:32 DEBUG RESTCalls:45 - io.restassured.internal.RequestSpecificationImpl@4a8a60bc
2018-09-11 09:41:32 DEBUG BasicClientConnectionManager:200 - Releasing connection org.apache.http.impl.conn.ManagedClientConnectionImpl@7859e786
2018-09-11 09:41:32 DEBUG BasicClientConnectionManager:225 - Connection can be kept alive indefinitely
2018-09-11 09:41:32 INFO  CreateJiraIssueTest:33 - {"id":"10104","key":"RAT-14","self":"http://localhost:8080/rest/api/2/issue/10104"}
2018-09-11 09:41:32 INFO  TestUtils:39 - Inside getStatusCode method
2018-09-11 09:41:32 DEBUG TestUtils:41 - 201
2018-09-11 09:41:32 INFO  CreateJiraIssueTest:36 - Status Code = 201
2018-09-11 09:41:32 INFO  TestUtils:21 - Inside JSON Response value extracter
2018-09-11 09:41:32 DEBUG TestUtils:24 - RAT-14
2018-09-11 09:41:32 INFO  CreateJiraIssueTest:40 - New Issue Key = RAT-14
2018-09-11 09:41:33 DEBUG cache:45 - Couldn't find template in cache for "Extent.ftl"("en_IN", UTF-8, parsed); will try to load it.
2018-09-11 09:41:33 DEBUG cache:45 - TemplateLoader.findTemplateSource("Extent_en_IN.ftl"): Not found
2018-09-11 09:41:33 DEBUG cache:45 - TemplateLoader.findTemplateSource("Extent_en.ftl"): Not found
2018-09-11 09:41:33 DEBUG cache:45 - TemplateLoader.findTemplateSource("Extent.ftl"): Found
2018-09-11 09:41:33 DEBUG cache:45 - Loading template for "Extent.ftl"("en_IN", UTF-8, parsed) from "jar:file:/C:/Users/Abhinav%20Goyal/.m2/repository/com/relevantcodes/extentreports/2.41.2/extentreports-2.41.2.jar!/com/relevantcodes/extentreports/view/Extent.ftl"
2018-09-11 09:41:33 DEBUG DefaultClientConnection:180 - Connection 0.0.0.0:58460<->127.0.0.1:8080 closed
2018-09-11 09:41:33 DEBUG DefaultClientConnection:180 - Connection 0.0.0.0:58461<->127.0.0.1:8080 closed
2018-09-11 09:41:34 DEBUG cache:45 - Couldn't find template in cache for "Extent.ftl"("en_IN", UTF-8, parsed); will try to load it.
2018-09-11 09:41:34 DEBUG cache:45 - TemplateLoader.findTemplateSource("Extent_en_IN.ftl"): Not found
2018-09-11 09:41:34 DEBUG cache:45 - TemplateLoader.findTemplateSource("Extent_en.ftl"): Not found
2018-09-11 09:41:34 DEBUG cache:45 - TemplateLoader.findTemplateSource("Extent.ftl"): Found
2018-09-11 09:41:34 DEBUG cache:45 - Loading template for "Extent.ftl"("en_IN", UTF-8, parsed) from "jar:file:/C:/Users/Abhinav%20Goyal/.m2/repository/com/relevantcodes/extentreports/2.41.2/extentreports-2.41.2.jar!/com/relevantcodes/extentreports/view/Extent.ftl"
